c:\users\seonggyu\desktop\cpp_server_study\cpp_server\gameserver\gameserver\x64\debug\gameserver.pch
c:\users\seonggyu\desktop\cpp_server_study\cpp_server\gameserver\gameserver\x64\debug\vc143.pdb
c:\users\seonggyu\desktop\cpp_server_study\cpp_server\gameserver\gameserver\x64\debug\vc143.idb
c:\users\seonggyu\desktop\cpp_server_study\cpp_server\gameserver\gameserver\x64\debug\pch.obj
c:\users\seonggyu\desktop\cpp_server_study\cpp_server\gameserver\gameserver\x64\debug\room.obj
c:\users\seonggyu\desktop\cpp_server_study\cpp_server\gameserver\gameserver\x64\debug\player.obj
c:\users\seonggyu\desktop\cpp_server_study\cpp_server\gameserver\gameserver\x64\debug\memorylockfreestack.obj
c:\users\seonggyu\desktop\cpp_server_study\cpp_server\gameserver\gameserver\x64\debug\gamesessionmanager.obj
c:\users\seonggyu\desktop\cpp_server_study\cpp_server\gameserver\gameserver\x64\debug\gamesession.obj
c:\users\seonggyu\desktop\cpp_server_study\cpp_server\gameserver\gameserver\x64\debug\gameserver.obj
c:\users\seonggyu\desktop\cpp_server_study\cpp_server\gameserver\gameserver\x64\debug\concurrentstack.obj
c:\users\seonggyu\desktop\cpp_server_study\cpp_server\gameserver\gameserver\x64\debug\concurrentqueue.obj
c:\users\seonggyu\desktop\cpp_server_study\cpp_server\gameserver\gameserver\x64\debug\clientpackethandler.obj
c:\users\seonggyu\desktop\cpp_server_study\cpp_server\gameserver\gameserver\x64\debug\struct.pb.obj
c:\users\seonggyu\desktop\cpp_server_study\cpp_server\gameserver\gameserver\x64\debug\protocol.pb.obj
c:\users\seonggyu\desktop\cpp_server_study\cpp_server\gameserver\gameserver\x64\debug\enum.pb.obj
c:\users\seonggyu\desktop\cpp_server_study\cpp_server\gameserver\binary\debug\gameserver.exe
c:\users\seonggyu\desktop\cpp_server_study\cpp_server\gameserver\gameserver\x64\debug\gameserver.ilk
c:\users\seonggyu\desktop\cpp_server_study\cpp_server\gameserver\binary\debug\gameserver.pdb
c:\users\seonggyu\desktop\cpp_server_study\cpp_server\gameserver\gameserver\x64\debug\gameserver.tlog\cl.command.1.tlog
c:\users\seonggyu\desktop\cpp_server_study\cpp_server\gameserver\gameserver\x64\debug\gameserver.tlog\cl.items.tlog
c:\users\seonggyu\desktop\cpp_server_study\cpp_server\gameserver\gameserver\x64\debug\gameserver.tlog\cl.read.1.tlog
c:\users\seonggyu\desktop\cpp_server_study\cpp_server\gameserver\gameserver\x64\debug\gameserver.tlog\cl.write.1.tlog
c:\users\seonggyu\desktop\cpp_server_study\cpp_server\gameserver\gameserver\x64\debug\gameserver.tlog\link.command.1.tlog
c:\users\seonggyu\desktop\cpp_server_study\cpp_server\gameserver\gameserver\x64\debug\gameserver.tlog\link.read.1.tlog
c:\users\seonggyu\desktop\cpp_server_study\cpp_server\gameserver\gameserver\x64\debug\gameserver.tlog\link.write.1.tlog
