c:\users\seonggyu\desktop\cpp_server_study\cpp_server\gameserver\dummyclient\x64\debug\dummyclient.pch
c:\users\seonggyu\desktop\cpp_server_study\cpp_server\gameserver\dummyclient\x64\debug\vc143.pdb
c:\users\seonggyu\desktop\cpp_server_study\cpp_server\gameserver\dummyclient\x64\debug\vc143.idb
c:\users\seonggyu\desktop\cpp_server_study\cpp_server\gameserver\dummyclient\x64\debug\pch.obj
c:\users\seonggyu\desktop\cpp_server_study\cpp_server\gameserver\dummyclient\x64\debug\dummyclient.obj
c:\users\seonggyu\desktop\cpp_server_study\cpp_server\gameserver\dummyclient\x64\debug\serverpackethandler.obj
c:\users\seonggyu\desktop\cpp_server_study\cpp_server\gameserver\dummyclient\x64\debug\struct.pb.obj
c:\users\seonggyu\desktop\cpp_server_study\cpp_server\gameserver\dummyclient\x64\debug\protocol.pb.obj
c:\users\seonggyu\desktop\cpp_server_study\cpp_server\gameserver\dummyclient\x64\debug\enum.pb.obj
c:\users\seonggyu\desktop\cpp_server_study\cpp_server\gameserver\binary\debug\dummyclient.pdb
c:\users\seonggyu\desktop\cpp_server_study\cpp_server\gameserver\dummyclient\x64\debug\dummyclient.tlog\cl.command.1.tlog
c:\users\seonggyu\desktop\cpp_server_study\cpp_server\gameserver\dummyclient\x64\debug\dummyclient.tlog\cl.read.1.tlog
c:\users\seonggyu\desktop\cpp_server_study\cpp_server\gameserver\dummyclient\x64\debug\dummyclient.tlog\cl.write.1.tlog
c:\users\seonggyu\desktop\cpp_server_study\cpp_server\gameserver\dummyclient\x64\debug\dummyclient.tlog\link-cvtres.read.1.tlog
c:\users\seonggyu\desktop\cpp_server_study\cpp_server\gameserver\dummyclient\x64\debug\dummyclient.tlog\link-cvtres.write.1.tlog
c:\users\seonggyu\desktop\cpp_server_study\cpp_server\gameserver\dummyclient\x64\debug\dummyclient.tlog\link-rc.read.1.tlog
c:\users\seonggyu\desktop\cpp_server_study\cpp_server\gameserver\dummyclient\x64\debug\dummyclient.tlog\link-rc.write.1.tlog
c:\users\seonggyu\desktop\cpp_server_study\cpp_server\gameserver\dummyclient\x64\debug\dummyclient.tlog\link.command.1.tlog
c:\users\seonggyu\desktop\cpp_server_study\cpp_server\gameserver\dummyclient\x64\debug\dummyclient.tlog\link.read.1.tlog
c:\users\seonggyu\desktop\cpp_server_study\cpp_server\gameserver\dummyclient\x64\debug\dummyclient.tlog\link.read.2.tlog
c:\users\seonggyu\desktop\cpp_server_study\cpp_server\gameserver\dummyclient\x64\debug\dummyclient.tlog\link.read.3.tlog
c:\users\seonggyu\desktop\cpp_server_study\cpp_server\gameserver\dummyclient\x64\debug\dummyclient.tlog\link.read.4.tlog
c:\users\seonggyu\desktop\cpp_server_study\cpp_server\gameserver\dummyclient\x64\debug\dummyclient.tlog\link.read.5.tlog
c:\users\seonggyu\desktop\cpp_server_study\cpp_server\gameserver\dummyclient\x64\debug\dummyclient.tlog\link.write.1.tlog
