c:\users\seonggyu\desktop\cpp_server_study\cpp_server\gameserver\servercore\x64\release\servercore.pch
c:\users\seonggyu\desktop\cpp_server_study\cpp_server\gameserver\libraries\libs\servercorerelease\servercore.pdb
c:\users\seonggyu\desktop\cpp_server_study\cpp_server\gameserver\servercore\x64\release\pch.obj
c:\users\seonggyu\desktop\cpp_server_study\cpp_server\gameserver\servercore\x64\release\socketutils.obj
c:\users\seonggyu\desktop\cpp_server_study\cpp_server\gameserver\servercore\x64\release\session.obj
c:\users\seonggyu\desktop\cpp_server_study\cpp_server\gameserver\servercore\x64\release\service.obj
c:\users\seonggyu\desktop\cpp_server_study\cpp_server\gameserver\servercore\x64\release\sendbuffer.obj
c:\users\seonggyu\desktop\cpp_server_study\cpp_server\gameserver\servercore\x64\release\refcounting.obj
c:\users\seonggyu\desktop\cpp_server_study\cpp_server\gameserver\servercore\x64\release\recvbuffer.obj
c:\users\seonggyu\desktop\cpp_server_study\cpp_server\gameserver\servercore\x64\release\netaddress.obj
c:\users\seonggyu\desktop\cpp_server_study\cpp_server\gameserver\servercore\x64\release\memorypool.obj
c:\users\seonggyu\desktop\cpp_server_study\cpp_server\gameserver\servercore\x64\release\memory.obj
c:\users\seonggyu\desktop\cpp_server_study\cpp_server\gameserver\servercore\x64\release\lock.obj
c:\users\seonggyu\desktop\cpp_server_study\cpp_server\gameserver\servercore\x64\release\listener.obj
c:\users\seonggyu\desktop\cpp_server_study\cpp_server\gameserver\servercore\x64\release\iocpevent.obj
c:\users\seonggyu\desktop\cpp_server_study\cpp_server\gameserver\servercore\x64\release\iocpcore.obj
c:\users\seonggyu\desktop\cpp_server_study\cpp_server\gameserver\servercore\x64\release\deadlockprofiler.obj
c:\users\seonggyu\desktop\cpp_server_study\cpp_server\gameserver\servercore\x64\release\coretls.obj
c:\users\seonggyu\desktop\cpp_server_study\cpp_server\gameserver\servercore\x64\release\corepch.obj
c:\users\seonggyu\desktop\cpp_server_study\cpp_server\gameserver\servercore\x64\release\coreglobal.obj
c:\users\seonggyu\desktop\cpp_server_study\cpp_server\gameserver\servercore\x64\release\bufferwriter.obj
c:\users\seonggyu\desktop\cpp_server_study\cpp_server\gameserver\servercore\x64\release\bufferreader.obj
c:\users\seonggyu\desktop\cpp_server_study\cpp_server\gameserver\servercore\x64\release\allocator.obj
c:\users\seonggyu\desktop\cpp_server_study\cpp_server\gameserver\servercore\x64\release\threadmanager.obj
c:\users\seonggyu\desktop\cpp_server_study\cpp_server\gameserver\libraries\libs\servercorerelease\servercore.lib
c:\users\seonggyu\desktop\cpp_server_study\cpp_server\gameserver\servercore\x64\release\servercore.tlog\cl.command.1.tlog
c:\users\seonggyu\desktop\cpp_server_study\cpp_server\gameserver\servercore\x64\release\servercore.tlog\cl.items.tlog
c:\users\seonggyu\desktop\cpp_server_study\cpp_server\gameserver\servercore\x64\release\servercore.tlog\cl.read.1.tlog
c:\users\seonggyu\desktop\cpp_server_study\cpp_server\gameserver\servercore\x64\release\servercore.tlog\cl.write.1.tlog
c:\users\seonggyu\desktop\cpp_server_study\cpp_server\gameserver\servercore\x64\release\servercore.tlog\lib-link.read.1.tlog
c:\users\seonggyu\desktop\cpp_server_study\cpp_server\gameserver\servercore\x64\release\servercore.tlog\lib-link.write.1.tlog
c:\users\seonggyu\desktop\cpp_server_study\cpp_server\gameserver\servercore\x64\release\servercore.tlog\lib.command.1.tlog
