  pch.cpp
  Allocator.cpp
  BufferReader.cpp
  BufferWriter.cpp
  CoreGlobal.cpp
  CorePch.cpp
  CoreTLS.cpp
  DeadLockProfiler.cpp
  IocpCore.cpp
  IocpEvent.cpp
  Listener.cpp
  Lock.cpp
  Memory.cpp
  MemoryPool.cpp
  NetAddress.cpp
  RecvBuffer.cpp
  RefCounting.cpp
  SendBuffer.cpp
  Service.cpp
  Session.cpp
  SocketUtils.cpp
  컴파일하고 있습니다...
  ThreadManager.cpp
  ServerCore.vcxproj -> C:\Users\SeongGyu\Desktop\CPP_Server_Study\CPP_Server\GameServer\Libraries\Libs\ServerCore\Release\ServerCore.lib
